<?xml version="1.0" encoding="UTF-8"?>
<!-- Generated by org.testng.reporters.JUnitReportReporter -->
<testsuite hostname="LAPTOP-1MDBC8FC" failures="0" tests="1" name="com.OrgModule.P3Test" time="0.006" errors="0" timestamp="2024-02-15T14:00:32 IST" skipped="0">
  <testcase classname="com.OrgModule.P3Test" name="g" time="0.006"/>
  <system-out/>
</testsuite> <!-- com.OrgModule.P3Test -->
