<?xml version="1.0" encoding="UTF-8"?>
<!-- Generated by org.testng.reporters.JUnitReportReporter -->
<testsuite hostname="LAPTOP-1MDBC8FC" failures="0" tests="1" name="com.OrgModule.p1Test" time="0.002" errors="0" timestamp="2024-02-15T14:31:09 IST" skipped="0">
  <testcase classname="com.OrgModule.p1Test" name="a" time="0.002"/>
  <system-out/>
</testsuite> <!-- com.OrgModule.p1Test -->
